<?xml version="1.0" encoding="UTF-8"?>
<!-- Generated by org.testng.reporters.JUnitReportReporter -->
<testsuite hostname="Lappy" failures="0" tests="2" name="com.invincible.seleniumtest.suites.EmailTest" time="48.083" errors="0" timestamp="11 Oct 2020 18:16:22 GMT">
  <testcase classname="com.invincible.seleniumtest.suites.EmailTest" name="testTextContained" time="42.009"/>
  <testcase classname="com.invincible.seleniumtest.suites.EmailTest" name="testTextContained" time="6.074"/>
</testsuite> <!-- com.invincible.seleniumtest.suites.EmailTest -->
