<?xml version="1.0" encoding="UTF-8"?>
<!-- Generated by org.testng.reporters.JUnitReportReporter -->
<testsuite hostname="Lappy" failures="2" tests="2" name="com.invincible.seleniumtest.suites.EmailTest" time="0.000" errors="0" timestamp="11 Oct 2020 16:56:27 GMT">
  <testcase classname="com.invincible.seleniumtest.suites.EmailTest" name="connectToEmail" time="0.000">
    <failure type="java.lang.NullPointerException">
      <![CDATA[java.lang.NullPointerException
	at org.testng.internal.MethodInvocationHelper.invokeDataProvider(MethodInvocationHelper.java:150)
	at org.testng.internal.Parameters.handleParameters(Parameters.java:431)
	at org.testng.internal.Invoker.handleParameters(Invoker.java:1335)
	at org.testng.internal.Invoker.createParameters(Invoker.java:1051)
	at org.testng.internal.Invoker.invokeTestMethods(Invoker.java:1140)
	at org.testng.internal.TestMethodWorker.invokeTestMethods(TestMethodWorker.java:124)
	at org.testng.internal.TestMethodWorker.run(TestMethodWorker.java:108)
	at java.base/java.util.concurrent.ThreadPoolExecutor.runWorker(ThreadPoolExecutor.java:1130)
	at java.base/java.util.concurrent.ThreadPoolExecutor$Worker.run(ThreadPoolExecutor.java:630)
	at java.base/java.lang.Thread.run(Thread.java:832)
]]>
    </failure>
  </testcase> <!-- connectToEmail -->
  <testcase classname="com.invincible.seleniumtest.suites.EmailTest" name="testTextContained" time="0.000">
    <failure message="Method EmailTest.testTextContained()[pri:0, instance:com.invincible.seleniumtest.suites.EmailTest@4524411f] depends on not successfully finished methods" type="java.lang.Throwable">
      <![CDATA[java.lang.Throwable: Method EmailTest.testTextContained()[pri:0, instance:com.invincible.seleniumtest.suites.EmailTest@4524411f] depends on not successfully finished methods
	at org.testng.internal.Invoker.invokeTestMethods(Invoker.java:1099)
	at org.testng.internal.TestMethodWorker.invokeTestMethods(TestMethodWorker.java:124)
	at org.testng.internal.TestMethodWorker.run(TestMethodWorker.java:108)
	at java.base/java.util.concurrent.ThreadPoolExecutor.runWorker(ThreadPoolExecutor.java:1130)
	at java.base/java.util.concurrent.ThreadPoolExecutor$Worker.run(ThreadPoolExecutor.java:630)
	at java.base/java.lang.Thread.run(Thread.java:832)
]]>
    </failure>
  </testcase> <!-- testTextContained -->
</testsuite> <!-- com.invincible.seleniumtest.suites.EmailTest -->
